C51 COMPILER V9.60.7.0   MAIN                                                              08/08/2024 20:31:24 PAGE 1   


C51 COMPILER V9.60.7.0, COMPILATION OF MODULE MAIN
OBJECT MODULE PLACED IN .\Objects\main.obj
COMPILER INVOKED BY: e:\Keil_v5\C51\BIN\C51.EXE main.c OPTIMIZE(8,SPEED) BROWSE DEBUG OBJECTEXTEND PRINT(.\Listings\main
                    -.lst) TABS(2) OBJECT(.\Objects\main.obj)

line level    source

   1          #include "config.h"
   2          #include "GPIO.h"
   3          #include "NIXIE.h"
   4          
   5          
   6          
   7          
   8          
   9          void main() {
  10   1          u8 a_num = 0x78; // 0111 1000  ÷√0
  11   1          //  0000 0000
  12   1          u8 b_dig = 0xff;//  1111 1111  ÷√1
  13   1          NIXIE_init();
  14   1          NIXIE_show(a_num,b_dig);
  15   1      
  16   1      
  17   1      
  18   1      
  19   1          while(1);
  20   1      }


MODULE INFORMATION:   STATIC OVERLAYABLE
   CODE SIZE        =     18    ----
   CONSTANT SIZE    =   ----    ----
   XDATA SIZE       =   ----    ----
   PDATA SIZE       =   ----    ----
   DATA SIZE        =   ----       2
   IDATA SIZE       =   ----    ----
   BIT SIZE         =   ----    ----
END OF MODULE INFORMATION.


C51 COMPILATION COMPLETE.  0 WARNING(S),  0 ERROR(S)
