C51 COMPILER V9.60.7.0   MAIN                                                              08/06/2024 20:44:21 PAGE 1   


C51 COMPILER V9.60.7.0, COMPILATION OF MODULE MAIN
OBJECT MODULE PLACED IN .\Objects\main.obj
COMPILER INVOKED BY: D:\Keil_v5\C51\BIN\C51.EXE main.c OPTIMIZE(8,SPEED) BROWSE DEBUG OBJECTEXTEND PRINT(.\Listings\main
                    -.lst) TABS(2) OBJECT(.\Objects\main.obj)

line level    source

   1          #include "config.h"
   2          #include "delay.h"
   3          #include "gpio.h"
   4          
   5          /******************* IO配置函数 *******************/
   6          void  GPIO_config(void)
   7          {
   8   1        GPIO_InitTypeDef  GPIO_InitStructure;   //结构定义
   9   1      
  10   1        GPIO_InitStructure.Pin  = GPIO_Pin_1;   //指定要初始化的IO, GPIO_Pin_0 ~ GPIO_Pin_7
  11   1        GPIO_InitStructure.Mode = GPIO_OUT_PP;      //指定IO的输入或输出方式,GPIO_PullUp,GPIO_HighZ,GPIO_OUT_OD,GP
             -IO_OUT_PP
  12   1        GPIO_Inilize(GPIO_P0,&GPIO_InitStructure);  //初始化
  13   1      }
  14          
  15          
  16          void main(){
  17   1        GPIO_config();
  18   1      
  19   1      while(1){
  20   2        P01 = 1;
  21   2        delay_ms(250);
  22   2        delay_ms(250);
  23   2        delay_ms(250);
  24   2        delay_ms(250);
  25   2        P01 = 0;
  26   2        delay_ms(250);
  27   2        delay_ms(250);
  28   2        delay_ms(250);
  29   2        delay_ms(250);
  30   2      
  31   2      }
  32   1      }


MODULE INFORMATION:   STATIC OVERLAYABLE
   CODE SIZE        =     66    ----
   CONSTANT SIZE    =   ----    ----
   XDATA SIZE       =   ----    ----
   PDATA SIZE       =   ----    ----
   DATA SIZE        =   ----       2
   IDATA SIZE       =   ----    ----
   BIT SIZE         =   ----    ----
END OF MODULE INFORMATION.


C51 COMPILATION COMPLETE.  0 WARNING(S),  0 ERROR(S)
