C51 COMPILER V9.60.7.0   MAIN                                                              08/05/2024 14:40:03 PAGE 1   


C51 COMPILER V9.60.7.0, COMPILATION OF MODULE MAIN
OBJECT MODULE PLACED IN .\Objects\main.obj
COMPILER INVOKED BY: D:\Keil_v5\C51\BIN\C51.EXE main.c OPTIMIZE(8,SPEED) BROWSE DEBUG OBJECTEXTEND PRINT(.\Listings\main
                    -.lst) TABS(2) OBJECT(.\Objects\main.obj)

line level    source

   1          #include "Config.h"
   2          #include  "Timer.h"
   3          #include  "GPIO.h"
   4          #include  "NVIC.h"
   5          
   6          
   7          /****
   8          按照1ms的周期，进行开关灯P53
   9          
  10          周期1ms -> 1000ms / 1ms -> 频率1000Hz
  11          
  12          0.001s = 1ms
  13          
  14          *****/
  15          /************************ IO口配置 ****************************/
  16          void  GPIO_config(void)
  17          {
  18   1          GPIO_InitTypeDef  GPIO_InitStructure;       //结构定义
  19   1          GPIO_InitStructure.Pin  = GPIO_Pin_3;       //指定要初始化的IO, GPIO_Pin_0 ~ GPIO_Pin_7, 或操作
  20   1          GPIO_InitStructure.Mode = GPIO_OUT_PP;      //指定IO的输入或输出方式,GPIO_PullUp,GPIO_HighZ,GPIO_OUT_OD,G
             -PIO_OUT_PP
  21   1          GPIO_Inilize(GPIO_P5,&GPIO_InitStructure);  //初始化
  22   1      }
  23          
  24          /************************ 定时器配置 ****************************/
  25          void  Timer_config(void)
  26          {
  27   1          TIM_InitTypeDef   TIM_InitStructure;            //结构定义
  28   1      
  29   1          //定时器0做16位自动重装, 中断频率为1000HZ，中断函数从P5.3取反输出方波信号.
  30   1          TIM_InitStructure.TIM_Mode      = TIM_16BitAutoReload;  //指定工作模式,   TIM_16BitAutoReload,TIM_16Bit
             -,TIM_8BitAutoReload,TIM_16BitAutoReloadNoMask
  31   1          TIM_InitStructure.TIM_ClkSource = TIM_CLOCK_1T;   //指定时钟源,     TIM_CLOCK_1T,TIM_CLOCK_12T,TIM_CLOC
             -K_Ext
  32   1          TIM_InitStructure.TIM_ClkOut    = DISABLE;        //是否输出高速脉冲, ENABLE或DISABLE
  33   1          TIM_InitStructure.TIM_Value     = 65536UL - (MAIN_Fosc / 1000UL);   //初值, 1UL 4字节 unsigned long 1s,
             - 1000ms, 1000 000us,1000 000 000ns
  34   1          // 设置重装数值：指定Timer频率 1000Hz (每秒执行1000次(频率)，每次间隔1ms(周期))
  35   1          // 频率最大：不要大于 1 000 000 Hz, (周期不低于1us)
  36   1          // 频率最小：不要小于       367 Hz, (周期不超过2.724ms)
  37   1      
  38   1          //  24000000 / 367hz 最小频率
  39   1      
  40   1          TIM_InitStructure.TIM_Run       = ENABLE;       //是否初始化后启动定时器, ENABLE或DISABLE
  41   1          Timer_Inilize(Timer0,&TIM_InitStructure);       //初始化Timer0    Timer0,Timer1,Timer2,Timer3,Timer4
  42   1      
  43   1          NVIC_Timer0_Init(ENABLE,Priority_0);    //中断使能, ENABLE/DISABLE; 优先级(低到高) Priority_0,Priority_1
             -,Priority_2,Priority_3
  44   1      }
  45          void main() {
  46   1          EAXSFR();
  47   1          GPIO_config();
  48   1          Timer_config();
  49   1      
C51 COMPILER V9.60.7.0   MAIN                                                              08/05/2024 14:40:03 PAGE 2   

  50   1          EA = 1;
  51   1      
  52   1          while(1);
  53   1      
  54   1      }


MODULE INFORMATION:   STATIC OVERLAYABLE
   CODE SIZE        =     63    ----
   CONSTANT SIZE    =   ----    ----
   XDATA SIZE       =   ----    ----
   PDATA SIZE       =   ----    ----
   DATA SIZE        =   ----       9
   IDATA SIZE       =   ----    ----
   BIT SIZE         =   ----    ----
END OF MODULE INFORMATION.


C51 COMPILATION COMPLETE.  0 WARNING(S),  0 ERROR(S)
