C51 COMPILER V9.60.7.0   MAIN                                                              08/09/2024 17:31:20 PAGE 1   


C51 COMPILER V9.60.7.0, COMPILATION OF MODULE MAIN
OBJECT MODULE PLACED IN .\Objects\main.obj
COMPILER INVOKED BY: e:\Keil_v5\C51\BIN\C51.EXE main.c OPTIMIZE(8,SPEED) BROWSE DEBUG OBJECTEXTEND PRINT(.\Listings\main
                    -.lst) TABS(2) OBJECT(.\Objects\main.obj)

line level    source

   1          #include "config.h"
   2          #include "GPIO.h"
   3          #include "NIXIE.h"
   4          #include "delay.h"
   5          #include "NVIC.h"
   6          #include "SWITCH.h"
   7          #include "uart.h"
   8          
   9          /******************* IO配置函数 *******************/
  10          void  GPIO_config(void)
  11          {
  12   1          GPIO_InitTypeDef  GPIO_InitStructure;   //结构定义
  13   1      
  14   1          GPIO_InitStructure.Pin  = GPIO_Pin_0 | GPIO_Pin_0;    //指定要初始化的IO, GPIO_Pin_0 ~ GPIO_Pin_7
  15   1          GPIO_InitStructure.Mode = GPIO_OUT_PP;      //指定IO的输入或输出方式,GPIO_PullUp,GPIO_HighZ,GPIO_OUT_OD,
             -GPIO_OUT_PP
  16   1          GPIO_Inilize(GPIO_P3,&GPIO_InitStructure);  //初始化
  17   1      }
  18          
  19          /***************  串口初始化函数 *****************/
  20          void  UART_config(void)
  21          {
  22   1          COMx_InitDefine   COMx_InitStructure;         //结构定义
  23   1      
  24   1          COMx_InitStructure.UART_Mode      = UART_8bit_BRTx; //模式, UART_ShiftRight,UART_8bit_BRTx,UART_9bit,U
             -ART_9bit_BRTx
  25   1          COMx_InitStructure.UART_BRT_Use   = BRT_Timer1;     //选择波特率发生器, BRT_Timer1, BRT_Timer2 (注意: 串
             -口2固定使用BRT_Timer2)
  26   1          COMx_InitStructure.UART_BaudRate  = 115200ul;       //波特率, 一般 110 ~ 115200
  27   1          COMx_InitStructure.UART_RxEnable  = ENABLE;         //接收允许,   ENABLE或DISABLE
  28   1          COMx_InitStructure.BaudRateDouble = DISABLE;        //波特率加倍, ENABLE或DISABLE
  29   1          UART_Configuration(UART1, &COMx_InitStructure);     //初始化串口1 UART1,UART2,UART3,UART4
  30   1      
  31   1          NVIC_UART1_Init(ENABLE,Priority_1);   //中断使能, ENABLE/DISABLE; 优先级(低到高) Priority_0,Priority_1,
             -Priority_2,Priority_3
  32   1      
  33   1          UART1_SW(UART1_SW_P30_P31);   //UART1_SW_P30_P31,UART1_SW_P36_P37,UART1_SW_P16_P17,UART1_SW_P43_P44
  34   1      }
  35          
  36          
  37          int arr[] = {2,5};
  38          void main() {
  39   1          u8 i;
  40   1          EAXSFR();
  41   1        GPIO_config();
  42   1        UART_config();
  43   1          NIXIE_init();
  44   1      
  45   1          
  46   1      
  47   1          while(1) {
  48   2              for( i = 0; i < 8; i++) {
  49   3                  NIXIE_display(arr[i],i);
  50   3              }
C51 COMPILER V9.60.7.0   MAIN                                                              08/09/2024 17:31:20 PAGE 2   

  51   2      
  52   2      
  53   2          }
  54   1      }


MODULE INFORMATION:   STATIC OVERLAYABLE
   CODE SIZE        =    103    ----
   CONSTANT SIZE    =   ----    ----
   XDATA SIZE       =   ----    ----
   PDATA SIZE       =   ----    ----
   DATA SIZE        =      4      12
   IDATA SIZE       =   ----    ----
   BIT SIZE         =   ----    ----
END OF MODULE INFORMATION.


C51 COMPILATION COMPLETE.  0 WARNING(S),  0 ERROR(S)
