C51 COMPILER V9.60.7.0   MAIN                                                              08/10/2024 21:07:25 PAGE 1   


C51 COMPILER V9.60.7.0, COMPILATION OF MODULE MAIN
OBJECT MODULE PLACED IN .\Objects\main.obj
COMPILER INVOKED BY: e:\Keil_v5\C51\BIN\C51.EXE main.c OPTIMIZE(8,SPEED) BROWSE DEBUG OBJECTEXTEND PRINT(.\Listings\main
                    -.lst) TABS(2) OBJECT(.\Objects\main.obj)

line level    source

   1          #include "config.h"
   2          #include "NVIC.h"
   3          #include "UART.h"
   4          #include "Switch.h"
   5          #include "Delay.h"
   6          #include "RTCTIME.h"
   7          
   8          /***************  串口初始化函数 *****************/
   9          void  UART_config(void)
  10          {
  11   1          COMx_InitDefine   COMx_InitStructure;         //结构定义
  12   1      
  13   1          COMx_InitStructure.UART_Mode      = UART_8bit_BRTx; //模式, UART_ShiftRight,UART_8bit_BRTx,UART_9bit,U
             -ART_9bit_BRTx
  14   1          COMx_InitStructure.UART_BRT_Use   = BRT_Timer1;     //选择波特率发生器, BRT_Timer1, BRT_Timer2 (注意: 串
             -口2固定使用BRT_Timer2)
  15   1          COMx_InitStructure.UART_BaudRate  = 115200ul;       //波特率, 一般 110 ~ 115200
  16   1          COMx_InitStructure.UART_RxEnable  = ENABLE;         //接收允许,   ENABLE或DISABLE
  17   1          COMx_InitStructure.BaudRateDouble = DISABLE;        //波特率加倍, ENABLE或DISABLE
  18   1          UART_Configuration(UART1, &COMx_InitStructure);     //初始化串口1 UART1,UART2,UART3,UART4
  19   1      
  20   1          NVIC_UART1_Init(ENABLE,Priority_1);   //中断使能, ENABLE/DISABLE; 优先级(低到高) Priority_0,Priority_1,
             -Priority_2,Priority_3
  21   1      
  22   1          UART1_SW(UART1_SW_P30_P31);   //UART1_SW_P30_P31,UART1_SW_P36_P37,UART1_SW_P16_P17,UART1_SW_P43_P44
  23   1      }
  24          #define NUMBER 7
  25          
  26          void main() {
  27   1          Clock_t c;
  28   1      //    u8 dev_addr = 0x51 << 1; //A2 设备写地址
  29   1      //    u8 mem_addr = 0x02;     // 这个芯片设定的秒地址是02
  30   1          u8 p[NUMBER] = {0};
  31   1      
  32   1          EAXSFR();//扩展寄存器使能
  33   1      
  34   1          UART_config();
  35   1      
  36   1          RCT_TIME_init();
  37   1      
  38   1      
  39   1          EA = 1;
  40   1          c.second = 00,  c.minute = 8, c.hour = 21;
  41   1          c.week = 6, c.day = 10, c.month = 8,c.year = 2024;
  42   1          RCT_TIME_set_clock(c);
  43   1      
  44   1      
  45   1      
  46   1      
  47   1          while(1) {
  48   2            
  49   2              RCT_TIME_get_clock(&c);//调用指针是传地址
  50   2      
  51   2              printf("%02d时:%02d分:%02d秒\n",(int)c.hour,(int)c.minute,(int)c.second);
C51 COMPILER V9.60.7.0   MAIN                                                              08/10/2024 21:07:25 PAGE 2   

  52   2              printf("%02d/%02d/%02d\n",(int)c.year,(int)c.month,(int)c.day);
  53   2              printf("week:%d\n",(int)c.week);
  54   2              printf("----------------------------");
  55   2              delay_ms(250);
  56   2              delay_ms(250);
  57   2              delay_ms(250);
  58   2              delay_ms(250);
  59   2      
  60   2      
  61   2          }
  62   1      }


MODULE INFORMATION:   STATIC OVERLAYABLE
   CODE SIZE        =    227    ----
   CONSTANT SIZE    =     83    ----
   XDATA SIZE       =   ----    ----
   PDATA SIZE       =   ----    ----
   DATA SIZE        =   ----      24
   IDATA SIZE       =   ----    ----
   BIT SIZE         =   ----    ----
END OF MODULE INFORMATION.


C51 COMPILATION COMPLETE.  0 WARNING(S),  0 ERROR(S)
