C51 COMPILER V9.60.7.0   EXTI_ISR                                                          08/12/2024 19:52:08 PAGE 1   


C51 COMPILER V9.60.7.0, COMPILATION OF MODULE EXTI_ISR
OBJECT MODULE PLACED IN .\Objects\Exti_Isr.obj
COMPILER INVOKED BY: e:\Keil_v5\C51\BIN\C51.EXE Exti_Isr.c OPTIMIZE(8,SPEED) BROWSE DEBUG OBJECTEXTEND PRINT(.\Listings\
                    -Exti_Isr.lst) TABS(2) OBJECT(.\Objects\Exti_Isr.obj)

line level    source

   1          /*---------------------------------------------------------------------*/
   2          /* --- STC MCU Limited ------------------------------------------------*/
   3          /* --- STC 1T Series MCU Demo Programme -------------------------------*/
   4          /* --- Mobile: (86)13922805190 ----------------------------------------*/
   5          /* --- Fax: 86-0513-55012956,55012947,55012969 ------------------------*/
   6          /* --- Tel: 86-0513-55012928,55012929,55012966 ------------------------*/
   7          /* --- Web: www.STCAI.com ---------------------------------------------*/
   8          /* --- BBS: www.STCAIMCU.com  -----------------------------------------*/
   9          /* --- QQ:  800003751 -------------------------------------------------*/
  10          /* 如果要在程序中使用此代码,请在程序中注明使用了STC的资料及程序            */
  11          /*---------------------------------------------------------------------*/
  12          
  13          #include  "Exti.h"
  14          
  15          //========================================================================
  16          //                               本地变量声明
  17          //========================================================================
  18          
  19          u8 WakeUpSource = 0;
  20          
  21          extern void ext_int0_call(void);
  22          extern void ext_int3_call(void);
  23          //========================================================================
  24          // 函数: INT0_ISR_Handler
  25          // 描述: INT0中断函数.
  26          // 参数: none.
  27          // 返回: none.
  28          // 版本: V1.0, 2020-09-23
  29          //========================================================================
  30          void INT0_ISR_Handler (void) interrupt INT0_VECTOR    //进中断时已经清除标志
  31          {
  32   1        // TODO: 在此处添加用户代码
  33   1      //  P00 = ~P00;
  34   1      //  WakeUpSource = 1;
  35   1      //  ext_int0_call();
  36   1      }
  37          
  38          //========================================================================
  39          // 函数: INT1_ISR_Handler
  40          // 描述: INT1中断函数.
  41          // 参数: none.
  42          // 返回: none.
  43          // 版本: V1.0, 2020-09-23
  44          //========================================================================
  45          void INT1_ISR_Handler (void) interrupt INT1_VECTOR    //进中断时已经清除标志
  46          {
  47   1        // TODO: 在此处添加用户代码
  48   1      //  P01 = ~P01;
  49   1        WakeUpSource = 2;
  50   1      }
  51          
  52          //========================================================================
  53          // 函数: INT2_ISR_Handler
  54          // 描述: INT2中断函数.
C51 COMPILER V9.60.7.0   EXTI_ISR                                                          08/12/2024 19:52:08 PAGE 2   

  55          // 参数: none.
  56          // 返回: none.
  57          // 版本: V1.0, 2020-09-23
  58          //========================================================================
  59          void INT2_ISR_Handler (void) interrupt INT2_VECTOR    //进中断时已经清除标志
  60          {
  61   1        // TODO: 在此处添加用户代码
  62   1      //  P02 = ~P02;
  63   1        WakeUpSource = 3;
  64   1      }
  65          
  66          //========================================================================
  67          // 函数: INT3_ISR_Handler
  68          // 描述: INT3中断函数.
  69          // 参数: none.
  70          // 返回: none.
  71          // 版本: V1.0, 2020-09-23
  72          //========================================================================
  73          void INT3_ISR_Handler (void) interrupt INT3_VECTOR    //进中断时已经清除标志
  74          {
  75   1        // TODO: 在此处添加用户代码
  76   1      //  P03 = ~P03;
  77   1        WakeUpSource = 4;
  78   1        ext_int3_call();
  79   1      }
  80          
  81          //========================================================================
  82          // 函数: INT4_ISR_Handler
  83          // 描述: INT4中断函数.
  84          // 参数: none.
  85          // 返回: none.
  86          // 版本: V1.0, 2020-09-23
  87          //========================================================================
  88          void INT4_ISR_Handler (void) interrupt INT4_VECTOR    //进中断时已经清除标志
  89          {
  90   1        // TODO: 在此处添加用户代码
  91   1      //  P04 = ~P04;
  92   1        WakeUpSource = 5;
  93   1      }


MODULE INFORMATION:   STATIC OVERLAYABLE
   CODE SIZE        =     75    ----
   CONSTANT SIZE    =   ----    ----
   XDATA SIZE       =   ----    ----
   PDATA SIZE       =   ----    ----
   DATA SIZE        =      1    ----
   IDATA SIZE       =   ----    ----
   BIT SIZE         =   ----    ----
END OF MODULE INFORMATION.


C51 COMPILATION COMPLETE.  0 WARNING(S),  0 ERROR(S)
