C51 COMPILER V9.60.7.0   MAIN                                                              09/12/2024 10:08:03 PAGE 1   


C51 COMPILER V9.60.7.0, COMPILATION OF MODULE MAIN
OBJECT MODULE PLACED IN .\Objects\main.obj
COMPILER INVOKED BY: d:\Keil_v5\C51\BIN\C51.EXE main.c OPTIMIZE(8,SPEED) BROWSE DEBUG OBJECTEXTEND PRINT(.\Listings\main
                    -.lst) TABS(2) OBJECT(.\Objects\main.obj)

line level    source

   1          //定义寄存器格式：(special function register） sfr 端口 = 地址
   2          //声明：P5端口配置寄存器1
   3          sfr P5M1 = 0xC9;
   4          //声明：P5端口配置寄存器0
   5          sfr P5M0 = 0xCA;
   6          
   7          //声明：P5端口寄存器
   8          sfr P5 = 0xC8;
   9          
  10          //定义特殊功能位格式：sbit 引脚 = 地址
  11          sbit P53 = P5^3;
  12          
  13          void Delay1000ms(void)  //@24.000MHz
  14          {
  15   1        unsigned char data i, j, k;
  16   1      
  17   1        i = 122;
  18   1        j = 193;
  19   1        k = 128;
  20   1        do
  21   1        {
  22   2          do
  23   2          {
  24   3            while (--k);
  25   3          } while (--j);
  26   2        } while (--i);
  27   1      }
  28          
  29          
  30          void main(){
  31   1      //  //方式一：配置IO模式，推挽输出
  32   1      //  P5_MODE_OUT_PP(GPIO_Pin_3);
  33   1      
  34   1          P5M1 &= ~0x08;
  35   1          P5M0 |= 0x08;
  36   1          while(1){
  37   2            P53 = 1;
  38   2            Delay1000ms();
  39   2            P53 = 0;
  40   2            Delay1000ms();
  41   2      
  42   2          };
  43   1        
  44   1      }
  45            


MODULE INFORMATION:   STATIC OVERLAYABLE
   CODE SIZE        =     31    ----
   CONSTANT SIZE    =   ----    ----
   XDATA SIZE       =   ----    ----
   PDATA SIZE       =   ----    ----
   DATA SIZE        =   ----    ----
   IDATA SIZE       =   ----    ----
C51 COMPILER V9.60.7.0   MAIN                                                              09/12/2024 10:08:03 PAGE 2   

   BIT SIZE         =   ----    ----
END OF MODULE INFORMATION.


C51 COMPILATION COMPLETE.  0 WARNING(S),  0 ERROR(S)
