C51 COMPILER V9.60.7.0   MAIN                                                              08/09/2024 17:05:36 PAGE 1   


C51 COMPILER V9.60.7.0, COMPILATION OF MODULE MAIN
OBJECT MODULE PLACED IN .\Objects\main.obj
COMPILER INVOKED BY: e:\Keil_v5\C51\BIN\C51.EXE main.c OPTIMIZE(8,SPEED) BROWSE DEBUG OBJECTEXTEND PRINT(.\Listings\main
                    -.lst) TABS(2) OBJECT(.\Objects\main.obj)

line level    source

   1          #include "config.h"
   2          #include "NTC.h"
   3          #include "Delay.h"
   4          #include "GPIO.h"
   5          #include "NVIC.h"
   6          #include "UART.h"
   7          #include "SWITCH.h"
   8          
   9          
  10          /******************* IO配置函数 *******************/
  11          void  GPIO_config(void)
  12          {
  13   1          // P30, P31 准双向
  14   1          P3_MODE_IO_PU(GPIO_Pin_0 | GPIO_Pin_1);
  15   1      }
  16          
  17          /***************  串口初始化函数 *****************/
  18          void  UART_config(void)
  19          {
  20   1          COMx_InitDefine   COMx_InitStructure;         //结构定义
  21   1      
  22   1          COMx_InitStructure.UART_Mode      = UART_8bit_BRTx; //模式, UART_ShiftRight,UART_8bit_BRTx,UART_9bit,U
             -ART_9bit_BRTx
  23   1          COMx_InitStructure.UART_BRT_Use   = BRT_Timer1;     //选择波特率发生器, BRT_Timer1, BRT_Timer2 (注意: 串
             -口2固定使用BRT_Timer2)
  24   1          COMx_InitStructure.UART_BaudRate  = 115200ul;       //波特率, 一般 110 ~ 115200
  25   1          COMx_InitStructure.UART_RxEnable  = ENABLE;         //接收允许,   ENABLE或DISABLE
  26   1          COMx_InitStructure.BaudRateDouble = DISABLE;        //波特率加倍, ENABLE或DISABLE
  27   1          UART_Configuration(UART1, &COMx_InitStructure);     //初始化串口1 UART1,UART2,UART3,UART4
  28   1      
  29   1          NVIC_UART1_Init(ENABLE,Priority_1);   //中断使能, ENABLE/DISABLE; 优先级(低到高) Priority_0,Priority_1,
             -Priority_2,Priority_3
  30   1      
  31   1          UART1_SW(UART1_SW_P30_P31);   //UART1_SW_P30_P31,UART1_SW_P36_P37,UART1_SW_P16_P17,UART1_SW_P43_P44
  32   1      }
  33          
  34          
  35          
  36          
  37          
  38          
  39          void main() {
  40   1      int rst_T;
  41   1          EAXSFR();
  42   1      
  43   1          GPIO_config();
  44   1          UART_config();
  45   1        
  46   1        NTC_init();
  47   1      
  48   1          EA = 1;
  49   1      
  50   1          while(1) {
  51   2            
C51 COMPILER V9.60.7.0   MAIN                                                              08/09/2024 17:05:36 PAGE 2   

  52   2            rst_T = NTC_get_temperature();
  53   2                printf("温度： %d ℃\n", rst_T);
  54   2      
  55   2          delay_ms(250);
  56   2          delay_ms(250);
  57   2      
  58   2          }
  59   1      }


MODULE INFORMATION:   STATIC OVERLAYABLE
   CODE SIZE        =    100    ----
   CONSTANT SIZE    =     14    ----
   XDATA SIZE       =   ----    ----
   PDATA SIZE       =   ----    ----
   DATA SIZE        =   ----      11
   IDATA SIZE       =   ----    ----
   BIT SIZE         =   ----    ----
END OF MODULE INFORMATION.


C51 COMPILATION COMPLETE.  0 WARNING(S),  0 ERROR(S)
