C51 COMPILER V9.60.7.0   MAIN                                                              08/14/2024 10:56:57 PAGE 1   


C51 COMPILER V9.60.7.0, COMPILATION OF MODULE MAIN
OBJECT MODULE PLACED IN .\Objects\main.obj
COMPILER INVOKED BY: e:\Keil_v5\C51\BIN\C51.EXE main.c OPTIMIZE(8,SPEED) BROWSE DEBUG OBJECTEXTEND PRINT(.\Listings\main
                    -.lst) TABS(2) OBJECT(.\Objects\main.obj)

line level    source

   1          #include "config.h"
   2          #include "Delay.h"
   3          #include "DHT11.H"
   4          #include "NVIC.h"
   5          #include "UART.h"
   6          #include "switch.h"
   7          
   8          #define DHT P46
   9          
  10          /*
  11          读取温湿度传感器DHT11温湿度值
  12          使用UART1收到任何数据时，读数据
  13          
  14          
  15          
  16          
  17          }
  18          /***************  串口初始化函数 *****************/
  19          void  UART_config(void)
  20          {
  21   1          COMx_InitDefine   COMx_InitStructure;         //结构定义
  22   1      
  23   1          COMx_InitStructure.UART_Mode      = UART_8bit_BRTx; //模式, UART_ShiftRight,UART_8bit_BRTx,UART_9bit,U
             -ART_9bit_BRTx
  24   1          COMx_InitStructure.UART_BRT_Use   = BRT_Timer1;     //选择波特率发生器, BRT_Timer1, BRT_Timer2 (注意: 串
             -口2固定使用BRT_Timer2)
  25   1          COMx_InitStructure.UART_BaudRate  = 115200ul;       //波特率, 一般 110 ~ 115200
  26   1          COMx_InitStructure.UART_RxEnable  = ENABLE;         //接收允许,   ENABLE或DISABLE
  27   1          COMx_InitStructure.BaudRateDouble = DISABLE;        //波特率加倍, ENABLE或DISABLE
  28   1          UART_Configuration(UART1, &COMx_InitStructure);     //初始化串口1 UART1,UART2,UART3,UART4
  29   1      
  30   1          NVIC_UART1_Init(ENABLE,Priority_1);   //中断使能, ENABLE/DISABLE; 优先级(低到高) Priority_0,Priority_1,
             -Priority_2,Priority_3
  31   1      
  32   1          UART1_SW(UART1_SW_P30_P31);   //UART1_SW_P30_P31,UART1_SW_P36_P37,UART1_SW_P16_P17,UART1_SW_P43_P44
  33   1      }
  34          
  35          
  36          
  37          
  38          
  39          void on_uart1_recv() {
  40   1          float humidity, temperature;
  41   1          DHT11_get_info(&humidity,&temperature);
  42   1          printf("湿度：%.1f%%  温度：%.1f℃\n",humidity,temperature);
  43   1      }
  44          
  45          void main() {
  46   1          EAXSFR();
  47   1          UART_config();
  48   1          DHT11_init();
  49   1      
  50   1      
  51   1          EA = 1;
C51 COMPILER V9.60.7.0   MAIN                                                              08/14/2024 10:56:57 PAGE 2   

  52   1      
  53   1          while(1) {
  54   2              //调用串口接收数据判断
  55   2              //如果 RX_TimeOut 大于 0，表示接收超时计时器正在运行。
  56   2              //检查递减后的 RX_TimeOut 是否等于 0。
  57   2              //如果等于 0，表示超时计时器已经倒计时完成。说明已经接收完成
  58   2              if(COM1.RX_TimeOut > 0 && --COM1.RX_TimeOut == 0) {
  59   3                  //如果 RX_Cnt 大于 0，表示接收到的数据字节数大于 0。
  60   3                  if(COM1.RX_Cnt > 0) {
  61   4                      on_uart1_recv();
  62   4                  }
  63   3                  //清除数据
  64   3                  COM1.RX_Cnt = 0;
  65   3              }
  66   2      
  67   2              delay_ms(10);
  68   2          }
  69   1      }


MODULE INFORMATION:   STATIC OVERLAYABLE
   CODE SIZE        =    137    ----
   CONSTANT SIZE    =     28    ----
   XDATA SIZE       =   ----    ----
   PDATA SIZE       =   ----    ----
   DATA SIZE        =   ----      17
   IDATA SIZE       =   ----    ----
   BIT SIZE         =   ----    ----
END OF MODULE INFORMATION.


C51 COMPILATION COMPLETE.  0 WARNING(S),  0 ERROR(S)
