C51 COMPILER V9.60.7.0   MAIN                                                              08/09/2024 09:47:21 PAGE 1   


C51 COMPILER V9.60.7.0, COMPILATION OF MODULE MAIN
OBJECT MODULE PLACED IN .\Objects\main.obj
COMPILER INVOKED BY: e:\Keil_v5\C51\BIN\C51.EXE main.c OPTIMIZE(8,SPEED) BROWSE DEBUG OBJECTEXTEND PRINT(.\Listings\main
                    -.lst) TABS(2) OBJECT(.\Objects\main.obj)

line level    source

   1          #include "config.h"
   2          #include "GPIO.h"
   3          #include "Delay.h"
   4          #include "uart.h"
   5          #include "nvic.h"
   6          #include "switch.h"
   7          
   8          #define NIX_DI   P44
   9          #define NIX_SCK  P42
  10          #define NIX_RCK  P43
  11          
  12          #define KEY1     P51
  13          #define KEY2     P52
  14          #define KEY3     P53
  15          #define KEY4     P54
  16          
  17          /******************* IO配置函数 *******************/
  18          void  GPIO_config(void)
  19          {
  20   1          GPIO_InitTypeDef  GPIO_InitStructure;   //结构定义
  21   1      
  22   1          GPIO_InitStructure.Pin  = GPIO_Pin_4 | GPIO_Pin_3 | GPIO_Pin_2;   //指定要初始化的IO, GPIO_Pin_0 ~ GPIO
             -_Pin_7
  23   1          GPIO_InitStructure.Mode = GPIO_PullUp;      //指定IO的输入或输出方式,GPIO_PullUp,GPIO_HighZ,GPIO_OUT_OD,
             -GPIO_OUT_PP
  24   1          GPIO_Inilize(GPIO_P4,&GPIO_InitStructure);  //初始化
  25   1        
  26   1           GPIO_InitStructure.Pin  = GPIO_Pin_1 | GPIO_Pin_2 | GPIO_Pin_3 | GPIO_Pin_4;   //指定要初始化的IO, GPIO
             -_Pin_0 ~ GPIO_Pin_7
  27   1          GPIO_InitStructure.Mode = GPIO_PullUp;      //指定IO的输入或输出方式,GPIO_PullUp,GPIO_HighZ,GPIO_OUT_OD,
             -GPIO_OUT_PP
  28   1          GPIO_Inilize(GPIO_P5,&GPIO_InitStructure);  //初始化
  29   1      }
  30          
  31          
  32          void main(){
  33   1        
  34   1        GPIO_config();
  35   1      
  36   1      while(1);
  37   1      }


MODULE INFORMATION:   STATIC OVERLAYABLE
   CODE SIZE        =     37    ----
   CONSTANT SIZE    =   ----    ----
   XDATA SIZE       =   ----    ----
   PDATA SIZE       =   ----    ----
   DATA SIZE        =   ----       2
   IDATA SIZE       =   ----    ----
   BIT SIZE         =   ----    ----
END OF MODULE INFORMATION.


C51 COMPILATION COMPLETE.  0 WARNING(S),  0 ERROR(S)
