C51 COMPILER V9.60.7.0   MAIN                                                              08/09/2024 12:23:58 PAGE 1   


C51 COMPILER V9.60.7.0, COMPILATION OF MODULE MAIN
OBJECT MODULE PLACED IN .\Objects\main.obj
COMPILER INVOKED BY: e:\Keil_v5\C51\BIN\C51.EXE main.c OPTIMIZE(8,SPEED) BROWSE DEBUG OBJECTEXTEND PRINT(.\Listings\main
                    -.lst) TABS(2) OBJECT(.\Objects\main.obj)

line level    source

   1          #include "config.h"
   2          #include "GPIO.h"
   3          #include "nvic.h"
   4          #include "Timer.h"
   5          #include "switch.h"
   6          #include "delay.h"
   7          
   8          
   9          //声明按钮
  10          #define BUZZER  P00
  11          
  12          
  13          /******************* IO配置函数 *******************/
  14          void  GPIO_config(void)
  15          {
  16   1          GPIO_InitTypeDef  GPIO_InitStructure;   //结构定义
  17   1      
  18   1          GPIO_InitStructure.Pin  = GPIO_Pin_0;   //指定要初始化的IO, GPIO_Pin_0 ~ GPIO_Pin_7
  19   1          GPIO_InitStructure.Mode = GPIO_OUT_PP;      //指定IO的输入或输出方式,GPIO_PullUp,GPIO_HighZ,GPIO_OUT_OD,
             -GPIO_OUT_PP
  20   1          GPIO_Inilize(GPIO_P0,&GPIO_InitStructure);  //初始化
  21   1      }
  22          
  23          //            C`     D`     E`   F`   G`  A`    B`    C``
  24          u16 hz[] = {1047, 1175, 1319, 1397, 1568, 1760, 1976, 2093};
  25          
  26          /************************ 定时器配置 ****************************/
  27          void  Timer_config(u16 hz_value)
  28          {
  29   1      
  30   1          //Timer的频率跟蜂鸣器的的频率关系是两倍的关系，
  31   1          //蜂鸣器一高一低等于Timer一个周期
  32   1          TIM_InitTypeDef   TIM_InitStructure;            //结构定义
  33   1      
  34   1          //定时器0做16位自动重装, 中断频率为1000HZ，中断函数从P5.3取反输出方波信号.
  35   1          TIM_InitStructure.TIM_Mode      = TIM_16BitAutoReload;  //指定工作模式,   TIM_16BitAutoReload,TIM_16Bit
             -,TIM_8BitAutoReload,TIM_16BitAutoReloadNoMask
  36   1          TIM_InitStructure.TIM_ClkSource = TIM_CLOCK_1T;   //指定时钟源,     TIM_CLOCK_1T,TIM_CLOCK_12T,TIM_CLOC
             -K_Ext
  37   1          TIM_InitStructure.TIM_ClkOut    = DISABLE;        //是否输出高速脉冲, ENABLE或DISABLE
  38   1          TIM_InitStructure.TIM_Value     = 65536UL - (MAIN_Fosc / (hz_value * 2));   //初值, 1UL 4字节 unsigned 
             -long 1s, 1000ms, 1000 000us,1000 000 000ns
  39   1          // 设置重装数值：指定Timer频率 1000Hz (每秒执行1000次(频率)，每次间隔1ms(周期))
  40   1          // 频率最大：不要大于 1 000 000 Hz, (周期不低于1us)
  41   1          // 频率最小：不要小于       367 Hz, (周期不超过2.724ms)
  42   1      
  43   1          //  24000000 / 367hz 最小频率
  44   1      
  45   1          TIM_InitStructure.TIM_Run       = ENABLE;       //是否初始化后启动定时器, ENABLE或DISABLE
  46   1          Timer_Inilize(Timer0,&TIM_InitStructure);       //初始化Timer0    Timer0,Timer1,Timer2,Timer3,Timer4
  47   1      
  48   1          NVIC_Timer0_Init(ENABLE,Priority_0);    //中断使能, ENABLE/DISABLE; 优先级(低到高) Priority_0,Priority_1
             -,Priority_2,Priority_3
  49   1      }
C51 COMPILER V9.60.7.0   MAIN                                                              08/09/2024 12:23:58 PAGE 2   

  50          
  51          void timer0_callback() {
  52   1          BUZZER = !BUZZER;
  53   1      }
  54          
  55          
  56          void main() {
  57   1          u16 idx = 0;
  58   1          GPIO_config();
  59   1      
  60   1          EA = 1;
  61   1      
  62   1          while(1) {
  63   2              Timer_config(hz[idx]);
  64   2            
  65   2            if( ++idx > 7) idx = 0;
  66   2            
  67   2            delay_ms(250);
  68   2            delay_ms(250);
  69   2            delay_ms(250);
  70   2            delay_ms(250);
  71   2      
  72   2          }
  73   1      }


MODULE INFORMATION:   STATIC OVERLAYABLE
   CODE SIZE        =    149    ----
   CONSTANT SIZE    =   ----    ----
   XDATA SIZE       =   ----    ----
   PDATA SIZE       =   ----    ----
   DATA SIZE        =     16      11
   IDATA SIZE       =   ----    ----
   BIT SIZE         =   ----    ----
END OF MODULE INFORMATION.


C51 COMPILATION COMPLETE.  0 WARNING(S),  0 ERROR(S)
