C51 COMPILER V9.60.7.0   MAIN                                                              08/16/2024 21:16:08 PAGE 1   


C51 COMPILER V9.60.7.0, COMPILATION OF MODULE MAIN
OBJECT MODULE PLACED IN .\Objects\main.obj
COMPILER INVOKED BY: e:\Keil_v5\C51\BIN\C51.EXE main.c OPTIMIZE(8,SPEED) BROWSE DEBUG OBJECTEXTEND PRINT(.\Listings\main
                    -.lst) TABS(2) OBJECT(.\Objects\main.obj)

line level    source

   1          #include "Config.h"
   2          #include "Delay.h"
   3          #include "UART.h"
   4          #include "NVIC.h"
   5          #include "Switch.h"
   6          
   7          #include <string.h>
   8          
   9          #include "EEPROM.h"
  10          
  11          /***************  串口初始化函数 *****************/
  12          void  UART_config(void)
  13          {
  14   1          COMx_InitDefine   COMx_InitStructure;         //结构定义
  15   1      
  16   1          COMx_InitStructure.UART_Mode      = UART_8bit_BRTx; //模式, UART_ShiftRight,UART_8bit_BRTx,UART_9bit,U
             -ART_9bit_BRTx
  17   1          COMx_InitStructure.UART_BRT_Use   = BRT_Timer1;     //选择波特率发生器, BRT_Timer1, BRT_Timer2 (注意: 串
             -口2固定使用BRT_Timer2)
  18   1          COMx_InitStructure.UART_BaudRate  = 115200ul;       //波特率, 一般 110 ~ 115200
  19   1          COMx_InitStructure.UART_RxEnable  = ENABLE;         //接收允许,   ENABLE或DISABLE
  20   1          COMx_InitStructure.BaudRateDouble = DISABLE;        //波特率加倍, ENABLE或DISABLE
  21   1          UART_Configuration(UART1, &COMx_InitStructure);     //初始化串口1 UART1,UART2,UART3,UART4
  22   1      
  23   1          NVIC_UART1_Init(ENABLE,Priority_1);   //中断使能, ENABLE/DISABLE; 优先级(低到高) Priority_0,Priority_1,
             -Priority_2,Priority_3
  24   1      
  25   1          UART1_SW(UART1_SW_P30_P31);   //UART1_SW_P30_P31,UART1_SW_P36_P37,UART1_SW_P16_P17,UART1_SW_P43_P44
  26   1      }
  27          
  28          #define MAX_LENGTH 100
  29          u8 xdata tmp[MAX_LENGTH];
  30          
  31          void main() {
  32   1          u16 address = 0x0004;
  33   1          char* str = "Hello!";
  34   1          u16 str_length = strlen(str);
  35   1      
  36   1          EAXSFR();
  37   1      
  38   1          UART_config();
  39   1      
  40   1          EA = 1;
  41   1      
  42   1          //擦除数据
  43   1          EEPROM_SectorErase(address);
  44   1      
  45   1          //写入数据
  46   1          EEPROM_write_n(address,str,str_length);
  47   1      
  48   1          //读取数据
  49   1          EEPROM_read_n(address,tmp,str_length);
  50   1        
  51   1          //添加字符串结束标志
C51 COMPILER V9.60.7.0   MAIN                                                              08/16/2024 21:16:08 PAGE 2   

  52   1        tmp[str_length] = '\0';
  53   1      
  54   1      
  55   1          printf(">>存储的字符串：%s\n",str);
  56   1      
  57   1          printf(">>读取的字符串：%s\n",tmp);
  58   1      
  59   1          if(strcmp(str,tmp) == 0) {
  60   2              printf("字符串相同");
  61   2          } else {
  62   2              printf("字符串不同");
  63   2          }
  64   1      
  65   1      
  66   1          UART_config();
  67   1      
  68   1      
  69   1          while(1);
  70   1      }


MODULE INFORMATION:   STATIC OVERLAYABLE
   CODE SIZE        =    211    ----
   CONSTANT SIZE    =     69    ----
   XDATA SIZE       =    100    ----
   PDATA SIZE       =   ----    ----
   DATA SIZE        =   ----      16
   IDATA SIZE       =   ----    ----
   BIT SIZE         =   ----    ----
END OF MODULE INFORMATION.


C51 COMPILATION COMPLETE.  0 WARNING(S),  0 ERROR(S)
