C51 COMPILER V9.60.7.0   MAIN                                                              08/15/2024 20:21:20 PAGE 1   


C51 COMPILER V9.60.7.0, COMPILATION OF MODULE MAIN
OBJECT MODULE PLACED IN .\Objects\main.obj
COMPILER INVOKED BY: e:\Keil_v5\C51\BIN\C51.EXE main.c OPTIMIZE(8,SPEED) BROWSE DEBUG OBJECTEXTEND PRINT(.\Listings\main
                    -.lst) TABS(2) OBJECT(.\Objects\main.obj)

line level    source

   1          #include "config.h"
   2          #include "MatrixKeys.h"
   3          #include "UART.h"
   4          #include "NVIC.h"
   5          #include "Switch.h"
   6          #include "Delay.h"
   7          
   8          
   9          
  10          /***************  串口初始化函数 *****************/
  11          void  UART_config(void)
  12          {
  13   1          COMx_InitDefine   COMx_InitStructure;         //结构定义
  14   1      
  15   1          COMx_InitStructure.UART_Mode      = UART_8bit_BRTx; //模式, UART_ShiftRight,UART_8bit_BRTx,UART_9bit,U
             -ART_9bit_BRTx
  16   1          COMx_InitStructure.UART_BRT_Use   = BRT_Timer1;     //选择波特率发生器, BRT_Timer1, BRT_Timer2 (注意: 串
             -口2固定使用BRT_Timer2)
  17   1          COMx_InitStructure.UART_BaudRate  = 115200ul;       //波特率, 一般 110 ~ 115200
  18   1          COMx_InitStructure.UART_RxEnable  = ENABLE;         //接收允许,   ENABLE或DISABLE
  19   1          COMx_InitStructure.BaudRateDouble = DISABLE;        //波特率加倍, ENABLE或DISABLE
  20   1          UART_Configuration(UART1, &COMx_InitStructure);     //初始化串口1 UART1,UART2,UART3,UART4
  21   1      
  22   1          NVIC_UART1_Init(ENABLE,Priority_1);   //中断使能, ENABLE/DISABLE; 优先级(低到高) Priority_0,Priority_1,
             -Priority_2,Priority_3
  23   1      
  24   1          UART1_SW(UART1_SW_P30_P31);   //UART1_SW_P30_P31,UART1_SW_P36_P37,UART1_SW_P16_P17,UART1_SW_P43_P44
  25   1      }
  26          
  27          void MK_on_keydown(u8 row, u8 col) {
  28   1          printf("第 %d 行 %d 列按钮dowm!\n",(int)row+1,(int)col+1);
  29   1      
  30   1      }
  31          
  32          void MK_on_keyup(u8 row,u8 col) {
  33   1          printf("第 %d 行 %d 列按钮Up!\n", (int)row+1, (int)col+1);
  34   1      }
  35          
  36          
  37          void MK_callback(u8 row,u8 col,u8 action) {
  38   1          if(action) {
  39   2              printf("第 %d 行 %d 列按钮dowm\n",(int)row+1,(int)col+1);
  40   2          } else {
  41   2              printf("第 %d 行 %d 列按钮Up\n", (int)row+1, (int)col+1);
  42   2          }
  43   1      
  44   1      
  45   1      }
  46          void main() {
  47   1      
  48   1      
  49   1          UART_config();
  50   1      
  51   1          MK_init();
C51 COMPILER V9.60.7.0   MAIN                                                              08/15/2024 20:21:20 PAGE 2   

  52   1      
  53   1          EA = 1;
  54   1      
  55   1          while(1) {
  56   2              MK_scan(MK_callback);
  57   2              delay_ms(10);
  58   2      
  59   2      
  60   2          }
  61   1      }


MODULE INFORMATION:   STATIC OVERLAYABLE
   CODE SIZE        =    167    ----
   CONSTANT SIZE    =     94    ----
   XDATA SIZE       =   ----    ----
   PDATA SIZE       =   ----    ----
   DATA SIZE        =   ----      11
   IDATA SIZE       =   ----    ----
   BIT SIZE         =   ----    ----
END OF MODULE INFORMATION.


C51 COMPILATION COMPLETE.  0 WARNING(S),  0 ERROR(S)
