C51 COMPILER V9.60.7.0   MAIN                                                              08/05/2024 15:54:52 PAGE 1   


C51 COMPILER V9.60.7.0, COMPILATION OF MODULE MAIN
OBJECT MODULE PLACED IN .\Objects\main.obj
COMPILER INVOKED BY: D:\Keil_v5\C51\BIN\C51.EXE main.c OPTIMIZE(8,SPEED) BROWSE DEBUG OBJECTEXTEND PRINT(.\Listings\main
                    -.lst) TABS(2) OBJECT(.\Objects\main.obj)

line level    source

   1          #include "config.h"
   2          #include  "GPIO.h"
   3          #include  "UART.h"
   4          #include  "Delay.h"
   5          #include  "NVIC.h"
   6          #include  "Switch.h"
   7          
   8          void  GPIO_config(void)
   9          {
  10   1          GPIO_InitTypeDef  GPIO_InitStructure;   //结构定义，定义一个结构体变量
  11   1      
  12   1          GPIO_InitStructure.Pin  = GPIO_Pin_0 | GPIO_Pin_1;    //指定要初始化的IO, GPIO_Pin_0 就是0号位，GPIO_Pin
             -_1 是1号位
  13   1          GPIO_InitStructure.Mode = GPIO_PullUp;  //指定IO的输入或输出方式,GPIO_PullUp,GPIO_HighZ,GPIO_OUT_OD,GPI
             -O_OUT_PP
  14   1          GPIO_Inilize(GPIO_P3,&GPIO_InitStructure);  //初始化，符号位P3的位地址0，1
  15   1      }
  16          
  17          /***************  串口初始化函数 *****************/
  18          void  UART_config(void)
  19          {
  20   1          COMx_InitDefine   COMx_InitStructure;         //结构定义
  21   1      
  22   1          COMx_InitStructure.UART_Mode      = UART_8bit_BRTx; //模式, UART_ShiftRight,UART_8bit_BRTx,UART_9bit,U
             -ART_9bit_BRTx
  23   1          COMx_InitStructure.UART_BRT_Use   = BRT_Timer1;     //选择波特率发生器, BRT_Timer1, BRT_Timer2 (注意: 串
             -口2固定使用BRT_Timer2)
  24   1          COMx_InitStructure.UART_BaudRate  = 115200ul;     //波特率, 一般 110 ~ 115200
  25   1          COMx_InitStructure.UART_RxEnable  = ENABLE;       //接收允许,   ENABLE或DISABLE
  26   1          COMx_InitStructure.BaudRateDouble = DISABLE;      //波特率加倍, ENABLE或DISABLE
  27   1          UART_Configuration(UART1, &COMx_InitStructure);   //初始化串口1 UART1,UART2,UART3,UART4
  28   1          NVIC_UART1_Init(ENABLE,Priority_1);   //中断使能, ENABLE/DISABLE; 优先级(低到高) Priority_0,Priority_1,
             -Priority_2,Priority_3
  29   1      
  30   1          UART1_SW(UART1_SW_P30_P31);   //UART1_SW_P30_P31,UART1_SW_P36_P37,UART1_SW_P16_P17,UART1_SW_P43_P44
  31   1      }
  32          
  33          
  34          
  35          void main() {
  36   1          GPIO_config();
  37   1          UART_config();
  38   1      
  39   1          //开启全局中断
  40   1          EA = 1;
  41   1          //要发送文件，需要用到UART.H，里面有定义发送文件的方法
  42   1      
  43   1          TX1_write2buff(0X23);//发送字节
  44   1          PrintString1("PrintString1");
  45   1        printf("printf-> %s : %d\n","Hello",(int)123);//打印数字要强转成int
  46   1      
  47   1      
  48   1      
  49   1        
C51 COMPILER V9.60.7.0   MAIN                                                              08/05/2024 15:54:52 PAGE 2   

  50   1          while(1) {
  51   2              TX1_write2buff(0X47);
  52   2      
  53   2      
  54   2              delay_ms(250);
  55   2              delay_ms(250);
  56   2              delay_ms(250);
  57   2              delay_ms(250);
  58   2          }
  59   1      
  60   1      }
  61          


MODULE INFORMATION:   STATIC OVERLAYABLE
   CODE SIZE        =    134    ----
   CONSTANT SIZE    =     37    ----
   XDATA SIZE       =   ----    ----
   PDATA SIZE       =   ----    ----
   DATA SIZE        =   ----      11
   IDATA SIZE       =   ----    ----
   BIT SIZE         =   ----    ----
END OF MODULE INFORMATION.


C51 COMPILATION COMPLETE.  0 WARNING(S),  0 ERROR(S)
