C51 COMPILER V9.60.7.0   TIMER_ISR                                                         08/05/2024 21:08:10 PAGE 1   


C51 COMPILER V9.60.7.0, COMPILATION OF MODULE TIMER_ISR
OBJECT MODULE PLACED IN .\Objects\Timer_Isr.obj
COMPILER INVOKED BY: D:\Keil_v5\C51\BIN\C51.EXE Timer_Isr.c OPTIMIZE(8,SPEED) BROWSE DEBUG OBJECTEXTEND PRINT(.\Listings
                    -\Timer_Isr.lst) TABS(2) OBJECT(.\Objects\Timer_Isr.obj)

line level    source

   1          /*---------------------------------------------------------------------*/
   2          /* --- STC MCU Limited ------------------------------------------------*/
   3          /* --- STC 1T Series MCU Demo Programme -------------------------------*/
   4          /* --- Mobile: (86)13922805190 ----------------------------------------*/
   5          /* --- Fax: 86-0513-55012956,55012947,55012969 ------------------------*/
   6          /* --- Tel: 86-0513-55012928,55012929,55012966 ------------------------*/
   7          /* --- Web: www.STCAI.com ---------------------------------------------*/
   8          /* --- BBS: www.STCAIMCU.com  -----------------------------------------*/
   9          /* --- QQ:  800003751 -------------------------------------------------*/
  10          /* 如果要在程序中使用此代码,请在程序中注明使用了STC的资料及程序            */
  11          /*---------------------------------------------------------------------*/
  12          
  13          #include  "Timer.h"
  14          extern void timer0_call();
  15          
  16          //========================================================================
  17          // 函数: Timer0_ISR_Handler
  18          // 描述: Timer0中断函数.
  19          // 参数: none.
  20          // 返回: none.
  21          // 版本: V1.0, 2020-09-23
  22          //========================================================================
  23          void Timer0_ISR_Handler (void) interrupt TMR0_VECTOR    //进中断时已经清除标志
  24          {
  25   1        // TODO: 在此处添加用户代码
  26   1         timer0_call();
  27   1      }
  28          
  29          //========================================================================
  30          // 函数: Timer1_ISR_Handler
  31          // 描述: Timer1中断函数.
  32          // 参数: none.
  33          // 返回: none.
  34          // 版本: V1.0, 2020-09-23
  35          //========================================================================
  36          void Timer1_ISR_Handler (void) interrupt TMR1_VECTOR    //进中断时已经清除标志
  37          {
  38   1        // TODO: 在此处添加用户代码
  39   1        P66 = ~P66;
  40   1      }
  41          
  42          //========================================================================
  43          // 函数: Timer2_ISR_Handler
  44          // 描述: Timer2中断函数.
  45          // 参数: none.
  46          // 返回: none.
  47          // 版本: V1.0, 2020-09-23
  48          //========================================================================
  49          void Timer2_ISR_Handler (void) interrupt TMR2_VECTOR    //进中断时已经清除标志
  50          {
  51   1        // TODO: 在此处添加用户代码
  52   1        P65 = ~P65;
  53   1      }
  54          
C51 COMPILER V9.60.7.0   TIMER_ISR                                                         08/05/2024 21:08:10 PAGE 2   

  55          //========================================================================
  56          // 函数: Timer3_ISR_Handler
  57          // 描述: Timer3中断函数.
  58          // 参数: none.
  59          // 返回: none.
  60          // 版本: V1.0, 2020-09-23
  61          //========================================================================
  62          void Timer3_ISR_Handler (void) interrupt TMR3_VECTOR    //进中断时已经清除标志
  63          {
  64   1        // TODO: 在此处添加用户代码
  65   1        P64 = ~P64;
  66   1      }
  67          
  68          //========================================================================
  69          // 函数: Timer4_ISR_Handler
  70          // 描述: Timer4中断函数.
  71          // 参数: none.
  72          // 返回: none.
  73          // 版本: V1.0, 2020-09-23
  74          //========================================================================
  75          void Timer4_ISR_Handler (void) interrupt TMR4_VECTOR    //进中断时已经清除标志
  76          {
  77   1        // TODO: 在此处添加用户代码
  78   1        P63 = ~P63;
  79   1      }


MODULE INFORMATION:   STATIC OVERLAYABLE
   CODE SIZE        =     71    ----
   CONSTANT SIZE    =   ----    ----
   XDATA SIZE       =   ----    ----
   PDATA SIZE       =   ----    ----
   DATA SIZE        =   ----    ----
   IDATA SIZE       =   ----    ----
   BIT SIZE         =   ----    ----
END OF MODULE INFORMATION.


C51 COMPILATION COMPLETE.  0 WARNING(S),  0 ERROR(S)
